  [4;36;1mSQL (0.000230)[0m   [0;1mSET SQL_AUTO_IS_NULL=0[0m
  [4;35;1mSQL (0.010079)[0m   [0mCREATE TABLE schema_info (version int(11))[0m
  [4;36;1mSQL (0.000368)[0m   [0;1mINSERT INTO schema_info (version) VALUES(0)[0m
  [4;35;1mSQL (0.000000)[0m   [0mMysql::Error: #42S01Table 'schema_info' already exists: CREATE TABLE schema_info (version int(11))[0m
  [4;36;1mSQL (0.000411)[0m   [0;1mSELECT version FROM schema_info[0m
Migrating to CreatePdfs (1)
  [4;35;1mSQL (0.019253)[0m   [0mCREATE TABLE pdfs (`id` int(11) DEFAULT NULL auto_increment PRIMARY KEY, `pdfdate` date DEFAULT NULL, `pdfname` varchar(255) DEFAULT NULL, `filename` varchar(255) DEFAULT NULL, `pdfnote` varchar(255) DEFAULT NULL) ENGINE=InnoDB[0m
  [4;36;1mSQL (0.000249)[0m   [0;1mUPDATE schema_info SET version = 1[0m
  [4;35;1mSQL (0.000343)[0m   [0mSELECT * FROM schema_info[0m
  [4;36;1mSQL (0.000483)[0m   [0;1mSHOW TABLES[0m
  [4;35;1mSQL (0.001391)[0m   [0mSHOW FIELDS FROM pdfs[0m
  [4;36;1mSQL (0.001902)[0m   [0;1mSHOW KEYS FROM pdfs[0m


Processing ApplicationController#index (for 127.0.0.1 at 2007-10-26 15:20:36) [GET]
  Session ID: dd79b4372f0017e09609d9dd2497a8df
  Parameters: {}


ActionController::RoutingError (no route found to match "/pdfcat" with {:method=>:get}):
    /usr/local/lib/ruby/gems/1.8/gems/actionpack-1.13.3/lib/action_controller/routing.rb:1292:in `recognize_path'
    /usr/local/lib/ruby/gems/1.8/gems/actionpack-1.13.3/lib/action_controller/routing.rb:1282:in `recognize'
    /usr/local/lib/ruby/gems/1.8/gems/rails-1.2.3/lib/dispatcher.rb:40:in `dispatch'
    /usr/local/lib/ruby/gems/1.8/gems/rails-1.2.3/lib/webrick_server.rb:113:in `handle_dispatch'
    /usr/local/lib/ruby/gems/1.8/gems/rails-1.2.3/lib/webrick_server.rb:79:in `service'
    /usr/local/lib/ruby/1.8/webrick/httpserver.rb:104:in `service'
    /usr/local/lib/ruby/1.8/webrick/httpserver.rb:65:in `run'
    /usr/local/lib/ruby/1.8/webrick/server.rb:173:in `start_thread'
    /usr/local/lib/ruby/1.8/webrick/server.rb:162:in `start'
    /usr/local/lib/ruby/1.8/webrick/server.rb:162:in `start_thread'
    /usr/local/lib/ruby/1.8/webrick/server.rb:95:in `start'
    /usr/local/lib/ruby/1.8/webrick/server.rb:92:in `each'
    /usr/local/lib/ruby/1.8/webrick/server.rb:92:in `start'
    /usr/local/lib/ruby/1.8/webrick/server.rb:23:in `start'
    /usr/local/lib/ruby/1.8/webrick/server.rb:82:in `start'
    /usr/local/lib/ruby/gems/1.8/gems/rails-1.2.3/lib/webrick_server.rb:63:in `dispatch'
    /usr/local/lib/ruby/gems/1.8/gems/rails-1.2.3/lib/commands/servers/webrick.rb:59
    /usr/local/lib/ruby/site_ruby/1.8/rubygems/custom_require.rb:27:in `gem_original_require'
    /usr/local/lib/ruby/site_ruby/1.8/rubygems/custom_require.rb:27:in `require'
    /usr/local/lib/ruby/gems/1.8/gems/activesupport-1.4.2/lib/active_support/dependencies.rb:495:in `require'
    /usr/local/lib/ruby/gems/1.8/gems/activesupport-1.4.2/lib/active_support/dependencies.rb:342:in `new_constants_in'
    /usr/local/lib/ruby/gems/1.8/gems/activesupport-1.4.2/lib/active_support/dependencies.rb:495:in `require'
    /usr/local/lib/ruby/gems/1.8/gems/rails-1.2.3/lib/commands/server.rb:39
    /usr/local/lib/ruby/site_ruby/1.8/rubygems/custom_require.rb:27:in `gem_original_require'
    /usr/local/lib/ruby/site_ruby/1.8/rubygems/custom_require.rb:27:in `require'
    script/server:3


Rendering /usr/local/lib/ruby/gems/1.8/gems/actionpack-1.13.3/lib/action_controller/templates/rescues/layout.rhtml (404 Page Not Found)


Processing PdfsController#index (for 127.0.0.1 at 2007-10-26 15:20:42) [GET]
  Session ID: dd79b4372f0017e09609d9dd2497a8df
  Parameters: {"action"=>"index", "controller"=>"pdfs"}
  [4;36;1mSQL (0.000354)[0m   [0;1mSET SQL_AUTO_IS_NULL=0[0m
  [4;35;1mPdf Columns (0.002000)[0m   [0mSHOW FIELDS FROM pdfs[0m
  [4;36;1mSQL (0.001028)[0m   [0;1mSELECT count(*) AS count_all FROM pdfs [0m
  [4;35;1mPdf Load (0.000883)[0m   [0mSELECT * FROM pdfs LIMIT 0, 10[0m
Rendering /usr/local/lib/ruby/gems/1.8/gems/actionpack-1.13.3/lib/action_controller/templates/scaffolds/layout.rhtml
Completed in 0.04750 (21 reqs/sec) | Rendering: 0.00384 (8%) | DB: 0.00427 (8%) | 200 OK [http://localhost/pdfs]


Processing PdfsController#new (for 127.0.0.1 at 2007-10-26 15:20:45) [GET]
  Session ID: dd79b4372f0017e09609d9dd2497a8df
  Parameters: {"action"=>"new", "controller"=>"pdfs"}
  [4;36;1mPdf Columns (0.001555)[0m   [0;1mSHOW FIELDS FROM pdfs[0m
Rendering /usr/local/lib/ruby/gems/1.8/gems/actionpack-1.13.3/lib/action_controller/templates/scaffolds/layout.rhtml
Completed in 0.01011 (98 reqs/sec) | Rendering: 0.00041 (4%) | DB: 0.00155 (15%) | 200 OK [http://localhost/pdfs/new]


Processing PdfsController#create (for 127.0.0.1 at 2007-10-26 15:21:09) [POST]
  Session ID: dd79b4372f0017e09609d9dd2497a8df
  Parameters: {"commit"=>"Create", "action"=>"create", "controller"=>"pdfs", "pdf"=>{"pdfdate(3i)"=>"26", "pdfname"=>"bas", "filename"=>"20071026-bas", "pdfnote"=>"bas for 2007", "pdfdate(1i)"=>"2007", "pdfdate(2i)"=>"10"}}
  [4;35;1mPdf Columns (0.001607)[0m   [0mSHOW FIELDS FROM pdfs[0m
  [4;36;1mSQL (0.000283)[0m   [0;1mBEGIN[0m
  [4;35;1mSQL (0.000684)[0m   [0mINSERT INTO pdfs (`pdfname`, `pdfdate`, `filename`, `pdfnote`) VALUES('bas', '2007-10-26', '20071026-bas', 'bas for 2007')[0m
  [4;36;1mSQL (0.000840)[0m   [0;1mCOMMIT[0m
Redirected to http://localhost:3000/pdfs/list
Completed in 0.01192 (83 reqs/sec) | DB: 0.00341 (28%) | 302 Found [http://localhost/pdfs/create]


Processing PdfsController#list (for 127.0.0.1 at 2007-10-26 15:21:09) [GET]
  Session ID: dd79b4372f0017e09609d9dd2497a8df
  Parameters: {"action"=>"list", "controller"=>"pdfs"}
  [4;35;1mPdf Columns (0.002681)[0m   [0mSHOW FIELDS FROM pdfs[0m
  [4;36;1mSQL (0.000541)[0m   [0;1mSELECT count(*) AS count_all FROM pdfs [0m
  [4;35;1mPdf Load (0.000674)[0m   [0mSELECT * FROM pdfs LIMIT 0, 10[0m
Rendering /usr/local/lib/ruby/gems/1.8/gems/actionpack-1.13.3/lib/action_controller/templates/scaffolds/layout.rhtml
Completed in 0.07575 (13 reqs/sec) | Rendering: 0.00039 (0%) | DB: 0.00390 (5%) | 200 OK [http://localhost/pdfs/list]
  [4;36;1mSQL (0.000184)[0m   [0;1mSET SQL_AUTO_IS_NULL=0[0m
  [4;35;1mSQL (0.000000)[0m   [0mMysql::Error: #42S01Table 'schema_info' already exists: CREATE TABLE schema_info (version int(11))[0m
  [4;36;1mSQL (0.000319)[0m   [0;1mSELECT version FROM schema_info[0m
  [4;35;1mSQL (0.000240)[0m   [0mSELECT version FROM schema_info[0m
  [4;36;1mSQL (0.000000)[0m   [0;1mMysql::Error: #42S01Table 'schema_info' already exists: CREATE TABLE schema_info (version int(11))[0m
  [4;35;1mSQL (0.000340)[0m   [0mSELECT version FROM schema_info[0m
Migrating to CreatePdfs (1)
  [4;36;1mSQL (0.115750)[0m   [0;1mDROP TABLE pdfs[0m
  [4;35;1mSQL (0.000245)[0m   [0mUPDATE schema_info SET version = 0[0m
  [4;36;1mSQL (0.000417)[0m   [0;1mSELECT * FROM schema_info[0m
  [4;35;1mSQL (0.000363)[0m   [0mSHOW TABLES[0m
  [4;36;1mSQL (0.000185)[0m   [0;1mSET SQL_AUTO_IS_NULL=0[0m
  [4;35;1mSQL (0.000000)[0m   [0mMysql::Error: #42S01Table 'schema_info' already exists: CREATE TABLE schema_info (version int(11))[0m
  [4;36;1mSQL (0.000000)[0m   [0;1mMysql::Error: #42S01Table 'schema_info' already exists: CREATE TABLE schema_info (version int(11))[0m
  [4;35;1mSQL (0.000457)[0m   [0mSELECT version FROM schema_info[0m
Migrating to CreatePdfs (1)
  [4;36;1mSQL (0.002161)[0m   [0;1mCREATE TABLE pdfs (`id` int(11) DEFAULT NULL auto_increment PRIMARY KEY, `pdfdate` date DEFAULT NULL, `pdfname` varchar(255) DEFAULT NULL, `filename` varchar(255) DEFAULT NULL, `pdfnote` text DEFAULT NULL) ENGINE=InnoDB[0m
  [4;35;1mSQL (0.000224)[0m   [0mUPDATE schema_info SET version = 1[0m
  [4;36;1mSQL (0.000343)[0m   [0;1mSELECT * FROM schema_info[0m
  [4;35;1mSQL (0.000600)[0m   [0mSHOW TABLES[0m
  [4;36;1mSQL (0.001525)[0m   [0;1mSHOW FIELDS FROM pdfs[0m
  [4;35;1mSQL (0.001116)[0m   [0mSHOW KEYS FROM pdfs[0m


Processing PdfsController#list (for 127.0.0.1 at 2007-10-26 15:31:32) [GET]
  Session ID: dd79b4372f0017e09609d9dd2497a8df
  Parameters: {"action"=>"list", "controller"=>"pdfs"}
  [4;36;1mSQL (0.000184)[0m   [0;1mSET SQL_AUTO_IS_NULL=0[0m
  [4;35;1mPdf Columns (0.001512)[0m   [0mSHOW FIELDS FROM pdfs[0m
  [4;36;1mSQL (0.000402)[0m   [0;1mSELECT count(*) AS count_all FROM pdfs [0m
  [4;35;1mPdf Load (0.000498)[0m   [0mSELECT * FROM pdfs LIMIT 0, 10[0m
Rendering /usr/local/lib/ruby/gems/1.8/gems/actionpack-1.13.3/lib/action_controller/templates/scaffolds/layout.rhtml
Completed in 0.04055 (24 reqs/sec) | Rendering: 0.00461 (11%) | DB: 0.00260 (6%) | 200 OK [http://localhost/pdfs/list]


Processing PdfsController#new (for 127.0.0.1 at 2007-10-26 15:31:33) [GET]
  Session ID: dd79b4372f0017e09609d9dd2497a8df
  Parameters: {"action"=>"new", "controller"=>"pdfs"}
  [4;36;1mPdf Columns (0.002137)[0m   [0;1mSHOW FIELDS FROM pdfs[0m
Rendering /usr/local/lib/ruby/gems/1.8/gems/actionpack-1.13.3/lib/action_controller/templates/scaffolds/layout.rhtml
Completed in 0.01483 (67 reqs/sec) | Rendering: 0.00084 (5%) | DB: 0.00214 (14%) | 200 OK [http://localhost/pdfs/new]


Processing PdfsController#list (for 127.0.0.1 at 2007-10-26 15:31:39) [GET]
  Session ID: dd79b4372f0017e09609d9dd2497a8df
  Parameters: {"action"=>"list", "controller"=>"pdfs"}
  [4;35;1mPdf Columns (0.002316)[0m   [0mSHOW FIELDS FROM pdfs[0m
  [4;36;1mSQL (0.000440)[0m   [0;1mSELECT count(*) AS count_all FROM pdfs [0m
  [4;35;1mPdf Load (0.000566)[0m   [0mSELECT * FROM pdfs LIMIT 0, 10[0m
Rendering /usr/local/lib/ruby/gems/1.8/gems/actionpack-1.13.3/lib/action_controller/templates/scaffolds/layout.rhtml
Completed in 0.01140 (87 reqs/sec) | Rendering: 0.00041 (3%) | DB: 0.00332 (29%) | 200 OK [http://localhost/pdfs/list]


Processing ApplicationController#index (for 127.0.0.1 at 2007-10-26 15:39:08) [GET]
  Session ID: dd79b4372f0017e09609d9dd2497a8df
  Parameters: {}


ActionController::RoutingError (no route found to match "/pdfcat" with {:method=>:get}):
    /usr/local/lib/ruby/gems/1.8/gems/actionpack-1.13.3/lib/action_controller/routing.rb:1292:in `recognize_path'
    /usr/local/lib/ruby/gems/1.8/gems/actionpack-1.13.3/lib/action_controller/routing.rb:1282:in `recognize'
    /usr/local/lib/ruby/gems/1.8/gems/rails-1.2.3/lib/dispatcher.rb:40:in `dispatch'
    /usr/local/lib/ruby/gems/1.8/gems/rails-1.2.3/lib/webrick_server.rb:113:in `handle_dispatch'
    /usr/local/lib/ruby/gems/1.8/gems/rails-1.2.3/lib/webrick_server.rb:79:in `service'
    /usr/local/lib/ruby/1.8/webrick/httpserver.rb:104:in `service'
    /usr/local/lib/ruby/1.8/webrick/httpserver.rb:65:in `run'
    /usr/local/lib/ruby/1.8/webrick/server.rb:173:in `start_thread'
    /usr/local/lib/ruby/1.8/webrick/server.rb:162:in `start'
    /usr/local/lib/ruby/1.8/webrick/server.rb:162:in `start_thread'
    /usr/local/lib/ruby/1.8/webrick/server.rb:95:in `start'
    /usr/local/lib/ruby/1.8/webrick/server.rb:92:in `each'
    /usr/local/lib/ruby/1.8/webrick/server.rb:92:in `start'
    /usr/local/lib/ruby/1.8/webrick/server.rb:23:in `start'
    /usr/local/lib/ruby/1.8/webrick/server.rb:82:in `start'
    /usr/local/lib/ruby/gems/1.8/gems/rails-1.2.3/lib/webrick_server.rb:63:in `dispatch'
    /usr/local/lib/ruby/gems/1.8/gems/rails-1.2.3/lib/commands/servers/webrick.rb:59
    /usr/local/lib/ruby/site_ruby/1.8/rubygems/custom_require.rb:27:in `gem_original_require'
    /usr/local/lib/ruby/site_ruby/1.8/rubygems/custom_require.rb:27:in `require'
    /usr/local/lib/ruby/gems/1.8/gems/activesupport-1.4.2/lib/active_support/dependencies.rb:495:in `require'
    /usr/local/lib/ruby/gems/1.8/gems/activesupport-1.4.2/lib/active_support/dependencies.rb:342:in `new_constants_in'
    /usr/local/lib/ruby/gems/1.8/gems/activesupport-1.4.2/lib/active_support/dependencies.rb:495:in `require'
    /usr/local/lib/ruby/gems/1.8/gems/rails-1.2.3/lib/commands/server.rb:39
    /usr/local/lib/ruby/site_ruby/1.8/rubygems/custom_require.rb:27:in `gem_original_require'
    /usr/local/lib/ruby/site_ruby/1.8/rubygems/custom_require.rb:27:in `require'
    script/server:3


Rendering /usr/local/lib/ruby/gems/1.8/gems/actionpack-1.13.3/lib/action_controller/templates/rescues/layout.rhtml (404 Page Not Found)


Processing PdfsController#index (for 127.0.0.1 at 2007-10-26 15:39:12) [GET]
  Session ID: dd79b4372f0017e09609d9dd2497a8df
  Parameters: {"action"=>"index", "controller"=>"pdfs"}
  [4;36;1mSQL (0.000239)[0m   [0;1mSET SQL_AUTO_IS_NULL=0[0m
  [4;35;1mPdf Columns (0.001597)[0m   [0mSHOW FIELDS FROM pdfs[0m
  [4;36;1mSQL (0.002257)[0m   [0;1mSELECT count(*) AS count_all FROM pdfs [0m
  [4;35;1mPdf Load (0.000652)[0m   [0mSELECT * FROM pdfs LIMIT 0, 10[0m
Rendering /usr/local/lib/ruby/gems/1.8/gems/actionpack-1.13.3/lib/action_controller/templates/scaffolds/layout.rhtml
Completed in 0.05847 (17 reqs/sec) | Rendering: 0.00343 (5%) | DB: 0.00475 (8%) | 200 OK [http://localhost/pdfs]


Processing PdfsController#new (for 127.0.0.1 at 2007-10-26 15:39:13) [GET]
  Session ID: dd79b4372f0017e09609d9dd2497a8df
  Parameters: {"action"=>"new", "controller"=>"pdfs"}
  [4;36;1mPdf Columns (0.001720)[0m   [0;1mSHOW FIELDS FROM pdfs[0m
Rendering /usr/local/lib/ruby/gems/1.8/gems/actionpack-1.13.3/lib/action_controller/templates/scaffolds/layout.rhtml
Completed in 0.01248 (80 reqs/sec) | Rendering: 0.00044 (3%) | DB: 0.00172 (13%) | 200 OK [http://localhost/pdfs/new]


Processing PdfsController#create (for 127.0.0.1 at 2007-10-26 15:39:15) [POST]
  Session ID: dd79b4372f0017e09609d9dd2497a8df
  Parameters: {"commit"=>"Create", "action"=>"create", "controller"=>"pdfs", "pdf"=>{"pdfdate(3i)"=>"26", "pdfname"=>"", "filename"=>"", "pdfnote"=>"", "pdfdate(1i)"=>"2007", "pdfdate(2i)"=>"10"}}
  [4;35;1mPdf Columns (0.001720)[0m   [0mSHOW FIELDS FROM pdfs[0m
  [4;36;1mSQL (0.000162)[0m   [0;1mBEGIN[0m
  [4;35;1mSQL (0.000242)[0m   [0mCOMMIT[0m
Rendering /usr/local/lib/ruby/gems/1.8/gems/actionpack-1.13.3/lib/action_controller/templates/scaffolds/layout.rhtml
Completed in 0.01131 (88 reqs/sec) | Rendering: 0.00038 (3%) | DB: 0.00212 (18%) | 200 OK [http://localhost/pdfs/create]


Processing PdfsController#create (for 127.0.0.1 at 2007-10-26 15:39:33) [POST]
  Session ID: dd79b4372f0017e09609d9dd2497a8df
  Parameters: {"commit"=>"Create", "action"=>"create", "controller"=>"pdfs", "pdf"=>{"pdfdate(3i)"=>"26", "pdfname"=>"test", "filename"=>"20071026-test.pdf", "pdfnote"=>"blah blah blah", "pdfdate(1i)"=>"2007", "pdfdate(2i)"=>"10"}}
  [4;36;1mPdf Columns (0.001687)[0m   [0;1mSHOW FIELDS FROM pdfs[0m
  [4;35;1mSQL (0.001109)[0m   [0mBEGIN[0m
  [4;36;1mSQL (0.000871)[0m   [0;1mINSERT INTO pdfs (`pdfname`, `pdfdate`, `filename`, `pdfnote`) VALUES('test', '2007-10-26', '20071026-test.pdf', 'blah blah blah')[0m
  [4;35;1mSQL (0.002423)[0m   [0mCOMMIT[0m
Redirected to http://localhost:3000/pdfs/list
Completed in 0.01350 (74 reqs/sec) | DB: 0.00609 (45%) | 302 Found [http://localhost/pdfs/create]


Processing PdfsController#list (for 127.0.0.1 at 2007-10-26 15:39:33) [GET]
  Session ID: dd79b4372f0017e09609d9dd2497a8df
  Parameters: {"action"=>"list", "controller"=>"pdfs"}
  [4;36;1mPdf Columns (0.001976)[0m   [0;1mSHOW FIELDS FROM pdfs[0m
  [4;35;1mSQL (0.000382)[0m   [0mSELECT count(*) AS count_all FROM pdfs [0m
  [4;36;1mPdf Load (0.000559)[0m   [0;1mSELECT * FROM pdfs LIMIT 0, 10[0m
Rendering /usr/local/lib/ruby/gems/1.8/gems/actionpack-1.13.3/lib/action_controller/templates/scaffolds/layout.rhtml
Completed in 0.01296 (77 reqs/sec) | Rendering: 0.00043 (3%) | DB: 0.00292 (22%) | 200 OK [http://localhost/pdfs/list]


Processing PdfsController#list (for 127.0.0.1 at 2007-10-26 15:39:39) [GET]
  Session ID: dd79b4372f0017e09609d9dd2497a8df
  Parameters: {"action"=>"list", "controller"=>"pdfs"}
  [4;35;1mPdf Columns (0.001659)[0m   [0mSHOW FIELDS FROM pdfs[0m
  [4;36;1mSQL (0.000663)[0m   [0;1mSELECT count(*) AS count_all FROM pdfs [0m
  [4;35;1mPdf Load (0.002713)[0m   [0mSELECT * FROM pdfs LIMIT 0, 10[0m
Rendering /usr/local/lib/ruby/gems/1.8/gems/actionpack-1.13.3/lib/action_controller/templates/scaffolds/layout.rhtml
Completed in 0.01404 (71 reqs/sec) | Rendering: 0.00041 (2%) | DB: 0.00503 (35%) | 200 OK [http://localhost/pdfs/list]
  [4;36;1mSQL (0.000175)[0m   [0;1mSET SQL_AUTO_IS_NULL=0[0m
  [4;35;1mPdf Columns (0.001448)[0m   [0mSHOW FIELDS FROM pdfs[0m
  [4;36;1mSQL (0.000176)[0m   [0;1mSET SQL_AUTO_IS_NULL=0[0m
  [4;35;1mSQL (0.000000)[0m   [0mMysql::Error: #42S01Table 'schema_info' already exists: CREATE TABLE schema_info (version int(11))[0m
  [4;36;1mSQL (0.000000)[0m   [0;1mMysql::Error: #42S01Table 'schema_info' already exists: CREATE TABLE schema_info (version int(11))[0m
  [4;35;1mSQL (0.000538)[0m   [0mSELECT version FROM schema_info[0m
  [4;36;1mSQL (0.000230)[0m   [0;1mSELECT version FROM schema_info[0m
Migrating to CreateCats (2)
  [4;35;1mSQL (0.002526)[0m   [0mCREATE TABLE cats (`id` int(11) DEFAULT NULL auto_increment PRIMARY KEY, `cat` varchar(255) DEFAULT NULL) ENGINE=InnoDB[0m
  [4;36;1mSQL (0.037212)[0m   [0;1mALTER TABLE pdfs ADD `cat_id` int(11)[0m
  [4;35;1mSQL (0.000861)[0m   [0mUPDATE schema_info SET version = 2[0m
  [4;36;1mSQL (0.000396)[0m   [0;1mSELECT * FROM schema_info[0m
  [4;35;1mSQL (0.000404)[0m   [0mSHOW TABLES[0m
  [4;36;1mSQL (0.017968)[0m   [0;1mSHOW FIELDS FROM cats[0m
  [4;35;1mSQL (0.001244)[0m   [0mSHOW KEYS FROM cats[0m
  [4;36;1mSQL (0.001251)[0m   [0;1mSHOW FIELDS FROM pdfs[0m
  [4;35;1mSQL (0.001143)[0m   [0mSHOW KEYS FROM pdfs[0m
  [4;36;1mSQL (0.000151)[0m   [0;1mSET SQL_AUTO_IS_NULL=0[0m
  [4;35;1mCat Columns (0.001057)[0m   [0mSHOW FIELDS FROM cats[0m
  [4;36;1mSQL (0.000228)[0m   [0;1mBEGIN[0m
  [4;35;1mSQL (0.000290)[0m   [0mINSERT INTO cats (`cat`) VALUES('Tax')[0m
  [4;36;1mSQL (0.000570)[0m   [0;1mCOMMIT[0m
  [4;35;1mSQL (0.000166)[0m   [0mBEGIN[0m
  [4;36;1mSQL (0.000230)[0m   [0;1mINSERT INTO cats (`cat`) VALUES('BAS')[0m
  [4;35;1mSQL (0.000562)[0m   [0mCOMMIT[0m
  [4;36;1mCat Load (0.000572)[0m   [0;1mSELECT * FROM cats WHERE (cats.`id` = 1) [0m
  [4;35;1mPdf Load (0.000743)[0m   [0mSELECT * FROM pdfs WHERE (pdfs.cat_id = 1) [0m
  [4;36;1mPdf Load (0.000802)[0m   [0;1mSELECT * FROM pdfs [0m
  [4;35;1mPdf Columns (0.001578)[0m   [0mSHOW FIELDS FROM pdfs[0m
  [4;36;1mSQL (0.000120)[0m   [0;1mBEGIN[0m
  [4;35;1mSQL (0.000160)[0m   [0mCOMMIT[0m
  [4;36;1mSQL (0.000091)[0m   [0;1mBEGIN[0m
  [4;35;1mSQL (0.000091)[0m   [0mCOMMIT[0m
  [4;36;1mPdf Load (0.000789)[0m   [0;1mSELECT * FROM pdfs LIMIT 1[0m
  [4;35;1mSQL (0.000169)[0m   [0mBEGIN[0m
  [4;36;1mPdf Update (0.000536)[0m   [0;1mUPDATE pdfs SET `pdfdate` = '2007-10-26', `pdfname` = 'test', `filename` = '20071026-test.pdf', `pdfnote` = 'blah blah blah', `cat_id` = 1 WHERE `id` = 1[0m
  [4;35;1mSQL (0.011840)[0m   [0mCOMMIT[0m


Processing PdfsController#index (for 127.0.0.1 at 2007-10-30 10:17:57) [GET]
  Session ID: 960a680d02d6b9d35aa9843023b06506
  Parameters: {"action"=>"index", "controller"=>"pdfs"}
  [4;36;1mSQL (0.000357)[0m   [0;1mSET SQL_AUTO_IS_NULL=0[0m
  [4;35;1mPdf Columns (0.001696)[0m   [0mSHOW FIELDS FROM pdfs[0m
  [4;36;1mSQL (0.002347)[0m   [0;1mSELECT count(*) AS count_all FROM pdfs [0m
  [4;35;1mPdf Load (0.000979)[0m   [0mSELECT * FROM pdfs LIMIT 0, 10[0m
Rendering actionlistlayoutfalse within layouts/pdfs
Rendering pdfs/list
Completed in 0.07476 (13 reqs/sec) | Rendering: 0.01404 (18%) | DB: 0.00538 (7%) | 200 OK [http://localhost/pdfs]


Processing ApplicationController#index (for 127.0.0.1 at 2007-10-30 10:18:06) [GET]
  Session ID: 960a680d02d6b9d35aa9843023b06506
  Parameters: {}


ActionController::RoutingError (no route found to match "/cats" with {:method=>:get}):
    /usr/local/lib/ruby/gems/1.8/gems/actionpack-1.13.3/lib/action_controller/routing.rb:1292:in `recognize_path'
    /usr/local/lib/ruby/gems/1.8/gems/actionpack-1.13.3/lib/action_controller/routing.rb:1282:in `recognize'
    /usr/local/lib/ruby/gems/1.8/gems/rails-1.2.3/lib/dispatcher.rb:40:in `dispatch'
    /usr/local/lib/ruby/gems/1.8/gems/rails-1.2.3/lib/webrick_server.rb:113:in `handle_dispatch'
    /usr/local/lib/ruby/gems/1.8/gems/rails-1.2.3/lib/webrick_server.rb:79:in `service'
    /usr/local/lib/ruby/1.8/webrick/httpserver.rb:104:in `service'
    /usr/local/lib/ruby/1.8/webrick/httpserver.rb:65:in `run'
    /usr/local/lib/ruby/1.8/webrick/server.rb:173:in `start_thread'
    /usr/local/lib/ruby/1.8/webrick/server.rb:162:in `start'
    /usr/local/lib/ruby/1.8/webrick/server.rb:162:in `start_thread'
    /usr/local/lib/ruby/1.8/webrick/server.rb:95:in `start'
    /usr/local/lib/ruby/1.8/webrick/server.rb:92:in `each'
    /usr/local/lib/ruby/1.8/webrick/server.rb:92:in `start'
    /usr/local/lib/ruby/1.8/webrick/server.rb:23:in `start'
    /usr/local/lib/ruby/1.8/webrick/server.rb:82:in `start'
    /usr/local/lib/ruby/gems/1.8/gems/rails-1.2.3/lib/webrick_server.rb:63:in `dispatch'
    /usr/local/lib/ruby/gems/1.8/gems/rails-1.2.3/lib/commands/servers/webrick.rb:59
    /usr/local/lib/ruby/site_ruby/1.8/rubygems/custom_require.rb:27:in `gem_original_require'
    /usr/local/lib/ruby/site_ruby/1.8/rubygems/custom_require.rb:27:in `require'
    /usr/local/lib/ruby/gems/1.8/gems/activesupport-1.4.2/lib/active_support/dependencies.rb:495:in `require'
    /usr/local/lib/ruby/gems/1.8/gems/activesupport-1.4.2/lib/active_support/dependencies.rb:342:in `new_constants_in'
    /usr/local/lib/ruby/gems/1.8/gems/activesupport-1.4.2/lib/active_support/dependencies.rb:495:in `require'
    /usr/local/lib/ruby/gems/1.8/gems/rails-1.2.3/lib/commands/server.rb:39
    /usr/local/lib/ruby/site_ruby/1.8/rubygems/custom_require.rb:27:in `gem_original_require'
    /usr/local/lib/ruby/site_ruby/1.8/rubygems/custom_require.rb:27:in `require'
    script/server:3


Rendering /usr/local/lib/ruby/gems/1.8/gems/actionpack-1.13.3/lib/action_controller/templates/rescues/layout.rhtml (404 Page Not Found)


Processing ApplicationController#index (for 127.0.0.1 at 2007-10-30 10:18:38) [GET]
  Session ID: 960a680d02d6b9d35aa9843023b06506
  Parameters: {}


ActionController::RoutingError (no route found to match "/cats" with {:method=>:get}):
    /usr/local/lib/ruby/gems/1.8/gems/actionpack-1.13.3/lib/action_controller/routing.rb:1292:in `recognize_path'
    /usr/local/lib/ruby/gems/1.8/gems/actionpack-1.13.3/lib/action_controller/routing.rb:1282:in `recognize'
    /usr/local/lib/ruby/gems/1.8/gems/rails-1.2.3/lib/dispatcher.rb:40:in `dispatch'
    /usr/local/lib/ruby/gems/1.8/gems/rails-1.2.3/lib/webrick_server.rb:113:in `handle_dispatch'
    /usr/local/lib/ruby/gems/1.8/gems/rails-1.2.3/lib/webrick_server.rb:79:in `service'
    /usr/local/lib/ruby/1.8/webrick/httpserver.rb:104:in `service'
    /usr/local/lib/ruby/1.8/webrick/httpserver.rb:65:in `run'
    /usr/local/lib/ruby/1.8/webrick/server.rb:173:in `start_thread'
    /usr/local/lib/ruby/1.8/webrick/server.rb:162:in `start'
    /usr/local/lib/ruby/1.8/webrick/server.rb:162:in `start_thread'
    /usr/local/lib/ruby/1.8/webrick/server.rb:95:in `start'
    /usr/local/lib/ruby/1.8/webrick/server.rb:92:in `each'
    /usr/local/lib/ruby/1.8/webrick/server.rb:92:in `start'
    /usr/local/lib/ruby/1.8/webrick/server.rb:23:in `start'
    /usr/local/lib/ruby/1.8/webrick/server.rb:82:in `start'
    /usr/local/lib/ruby/gems/1.8/gems/rails-1.2.3/lib/webrick_server.rb:63:in `dispatch'
    /usr/local/lib/ruby/gems/1.8/gems/rails-1.2.3/lib/commands/servers/webrick.rb:59
    /usr/local/lib/ruby/site_ruby/1.8/rubygems/custom_require.rb:27:in `gem_original_require'
    /usr/local/lib/ruby/site_ruby/1.8/rubygems/custom_require.rb:27:in `require'
    /usr/local/lib/ruby/gems/1.8/gems/activesupport-1.4.2/lib/active_support/dependencies.rb:495:in `require'
    /usr/local/lib/ruby/gems/1.8/gems/activesupport-1.4.2/lib/active_support/dependencies.rb:342:in `new_constants_in'
    /usr/local/lib/ruby/gems/1.8/gems/activesupport-1.4.2/lib/active_support/dependencies.rb:495:in `require'
    /usr/local/lib/ruby/gems/1.8/gems/rails-1.2.3/lib/commands/server.rb:39
    /usr/local/lib/ruby/site_ruby/1.8/rubygems/custom_require.rb:27:in `gem_original_require'
    /usr/local/lib/ruby/site_ruby/1.8/rubygems/custom_require.rb:27:in `require'
    script/server:3


Rendering /usr/local/lib/ruby/gems/1.8/gems/actionpack-1.13.3/lib/action_controller/templates/rescues/layout.rhtml (404 Page Not Found)


Processing ApplicationController#index (for 127.0.0.1 at 2007-10-30 10:19:22) [GET]
  Session ID: 960a680d02d6b9d35aa9843023b06506
  Parameters: {}


ActionController::RoutingError (no route found to match "/cats" with {:method=>:get}):
    /usr/local/lib/ruby/gems/1.8/gems/actionpack-1.13.3/lib/action_controller/routing.rb:1292:in `recognize_path'
    /usr/local/lib/ruby/gems/1.8/gems/actionpack-1.13.3/lib/action_controller/routing.rb:1282:in `recognize'
    /usr/local/lib/ruby/gems/1.8/gems/rails-1.2.3/lib/dispatcher.rb:40:in `dispatch'
    /usr/local/lib/ruby/gems/1.8/gems/rails-1.2.3/lib/webrick_server.rb:113:in `handle_dispatch'
    /usr/local/lib/ruby/gems/1.8/gems/rails-1.2.3/lib/webrick_server.rb:79:in `service'
    /usr/local/lib/ruby/1.8/webrick/httpserver.rb:104:in `service'
    /usr/local/lib/ruby/1.8/webrick/httpserver.rb:65:in `run'
    /usr/local/lib/ruby/1.8/webrick/server.rb:173:in `start_thread'
    /usr/local/lib/ruby/1.8/webrick/server.rb:162:in `start'
    /usr/local/lib/ruby/1.8/webrick/server.rb:162:in `start_thread'
    /usr/local/lib/ruby/1.8/webrick/server.rb:95:in `start'
    /usr/local/lib/ruby/1.8/webrick/server.rb:92:in `each'
    /usr/local/lib/ruby/1.8/webrick/server.rb:92:in `start'
    /usr/local/lib/ruby/1.8/webrick/server.rb:23:in `start'
    /usr/local/lib/ruby/1.8/webrick/server.rb:82:in `start'
    /usr/local/lib/ruby/gems/1.8/gems/rails-1.2.3/lib/webrick_server.rb:63:in `dispatch'
    /usr/local/lib/ruby/gems/1.8/gems/rails-1.2.3/lib/commands/servers/webrick.rb:59
    /usr/local/lib/ruby/site_ruby/1.8/rubygems/custom_require.rb:27:in `gem_original_require'
    /usr/local/lib/ruby/site_ruby/1.8/rubygems/custom_require.rb:27:in `require'
    /usr/local/lib/ruby/gems/1.8/gems/activesupport-1.4.2/lib/active_support/dependencies.rb:495:in `require'
    /usr/local/lib/ruby/gems/1.8/gems/activesupport-1.4.2/lib/active_support/dependencies.rb:342:in `new_constants_in'
    /usr/local/lib/ruby/gems/1.8/gems/activesupport-1.4.2/lib/active_support/dependencies.rb:495:in `require'
    /usr/local/lib/ruby/gems/1.8/gems/rails-1.2.3/lib/commands/server.rb:39
    /usr/local/lib/ruby/site_ruby/1.8/rubygems/custom_require.rb:27:in `gem_original_require'
    /usr/local/lib/ruby/site_ruby/1.8/rubygems/custom_require.rb:27:in `require'
    script/server:3


Rendering /usr/local/lib/ruby/gems/1.8/gems/actionpack-1.13.3/lib/action_controller/templates/rescues/layout.rhtml (404 Page Not Found)


Processing ApplicationController#index (for 127.0.0.1 at 2007-10-30 10:19:23) [GET]
  Session ID: 960a680d02d6b9d35aa9843023b06506
  Parameters: {}


ActionController::RoutingError (no route found to match "/cats" with {:method=>:get}):
    /usr/local/lib/ruby/gems/1.8/gems/actionpack-1.13.3/lib/action_controller/routing.rb:1292:in `recognize_path'
    /usr/local/lib/ruby/gems/1.8/gems/actionpack-1.13.3/lib/action_controller/routing.rb:1282:in `recognize'
    /usr/local/lib/ruby/gems/1.8/gems/rails-1.2.3/lib/dispatcher.rb:40:in `dispatch'
    /usr/local/lib/ruby/gems/1.8/gems/rails-1.2.3/lib/webrick_server.rb:113:in `handle_dispatch'
    /usr/local/lib/ruby/gems/1.8/gems/rails-1.2.3/lib/webrick_server.rb:79:in `service'
    /usr/local/lib/ruby/1.8/webrick/httpserver.rb:104:in `service'
    /usr/local/lib/ruby/1.8/webrick/httpserver.rb:65:in `run'
    /usr/local/lib/ruby/1.8/webrick/server.rb:173:in `start_thread'
    /usr/local/lib/ruby/1.8/webrick/server.rb:162:in `start'
    /usr/local/lib/ruby/1.8/webrick/server.rb:162:in `start_thread'
    /usr/local/lib/ruby/1.8/webrick/server.rb:95:in `start'
    /usr/local/lib/ruby/1.8/webrick/server.rb:92:in `each'
    /usr/local/lib/ruby/1.8/webrick/server.rb:92:in `start'
    /usr/local/lib/ruby/1.8/webrick/server.rb:23:in `start'
    /usr/local/lib/ruby/1.8/webrick/server.rb:82:in `start'
    /usr/local/lib/ruby/gems/1.8/gems/rails-1.2.3/lib/webrick_server.rb:63:in `dispatch'
    /usr/local/lib/ruby/gems/1.8/gems/rails-1.2.3/lib/commands/servers/webrick.rb:59
    /usr/local/lib/ruby/site_ruby/1.8/rubygems/custom_require.rb:27:in `gem_original_require'
    /usr/local/lib/ruby/site_ruby/1.8/rubygems/custom_require.rb:27:in `require'
    /usr/local/lib/ruby/gems/1.8/gems/activesupport-1.4.2/lib/active_support/dependencies.rb:495:in `require'
    /usr/local/lib/ruby/gems/1.8/gems/activesupport-1.4.2/lib/active_support/dependencies.rb:342:in `new_constants_in'
    /usr/local/lib/ruby/gems/1.8/gems/activesupport-1.4.2/lib/active_support/dependencies.rb:495:in `require'
    /usr/local/lib/ruby/gems/1.8/gems/rails-1.2.3/lib/commands/server.rb:39
    /usr/local/lib/ruby/site_ruby/1.8/rubygems/custom_require.rb:27:in `gem_original_require'
    /usr/local/lib/ruby/site_ruby/1.8/rubygems/custom_require.rb:27:in `require'
    script/server:3


Rendering /usr/local/lib/ruby/gems/1.8/gems/actionpack-1.13.3/lib/action_controller/templates/rescues/layout.rhtml (404 Page Not Found)


Processing ApplicationController#index (for 127.0.0.1 at 2007-10-30 10:19:24) [GET]
  Session ID: 960a680d02d6b9d35aa9843023b06506
  Parameters: {}


ActionController::RoutingError (no route found to match "/cats" with {:method=>:get}):
    /usr/local/lib/ruby/gems/1.8/gems/actionpack-1.13.3/lib/action_controller/routing.rb:1292:in `recognize_path'
    /usr/local/lib/ruby/gems/1.8/gems/actionpack-1.13.3/lib/action_controller/routing.rb:1282:in `recognize'
    /usr/local/lib/ruby/gems/1.8/gems/rails-1.2.3/lib/dispatcher.rb:40:in `dispatch'
    /usr/local/lib/ruby/gems/1.8/gems/rails-1.2.3/lib/webrick_server.rb:113:in `handle_dispatch'
    /usr/local/lib/ruby/gems/1.8/gems/rails-1.2.3/lib/webrick_server.rb:79:in `service'
    /usr/local/lib/ruby/1.8/webrick/httpserver.rb:104:in `service'
    /usr/local/lib/ruby/1.8/webrick/httpserver.rb:65:in `run'
    /usr/local/lib/ruby/1.8/webrick/server.rb:173:in `start_thread'
    /usr/local/lib/ruby/1.8/webrick/server.rb:162:in `start'
    /usr/local/lib/ruby/1.8/webrick/server.rb:162:in `start_thread'
    /usr/local/lib/ruby/1.8/webrick/server.rb:95:in `start'
    /usr/local/lib/ruby/1.8/webrick/server.rb:92:in `each'
    /usr/local/lib/ruby/1.8/webrick/server.rb:92:in `start'
    /usr/local/lib/ruby/1.8/webrick/server.rb:23:in `start'
    /usr/local/lib/ruby/1.8/webrick/server.rb:82:in `start'
    /usr/local/lib/ruby/gems/1.8/gems/rails-1.2.3/lib/webrick_server.rb:63:in `dispatch'
    /usr/local/lib/ruby/gems/1.8/gems/rails-1.2.3/lib/commands/servers/webrick.rb:59
    /usr/local/lib/ruby/site_ruby/1.8/rubygems/custom_require.rb:27:in `gem_original_require'
    /usr/local/lib/ruby/site_ruby/1.8/rubygems/custom_require.rb:27:in `require'
    /usr/local/lib/ruby/gems/1.8/gems/activesupport-1.4.2/lib/active_support/dependencies.rb:495:in `require'
    /usr/local/lib/ruby/gems/1.8/gems/activesupport-1.4.2/lib/active_support/dependencies.rb:342:in `new_constants_in'
    /usr/local/lib/ruby/gems/1.8/gems/activesupport-1.4.2/lib/active_support/dependencies.rb:495:in `require'
    /usr/local/lib/ruby/gems/1.8/gems/rails-1.2.3/lib/commands/server.rb:39
    /usr/local/lib/ruby/site_ruby/1.8/rubygems/custom_require.rb:27:in `gem_original_require'
    /usr/local/lib/ruby/site_ruby/1.8/rubygems/custom_require.rb:27:in `require'
    script/server:3


Rendering /usr/local/lib/ruby/gems/1.8/gems/actionpack-1.13.3/lib/action_controller/templates/rescues/layout.rhtml (404 Page Not Found)
  [4;36;1mSQL (0.000164)[0m   [0;1mSET SQL_AUTO_IS_NULL=0[0m
  [4;35;1mPdf Columns (0.001431)[0m   [0mSHOW FIELDS FROM pdfs[0m
  [4;36;1mSQL (0.000205)[0m   [0;1mSET SQL_AUTO_IS_NULL=0[0m
  [4;35;1mSQL (0.000000)[0m   [0mMysql::Error: #42S01Table 'schema_info' already exists: CREATE TABLE schema_info (version int(11))[0m
  [4;36;1mSQL (0.041772)[0m   [0;1mSELECT version FROM schema_info[0m
  [4;35;1mSQL (0.000358)[0m   [0mSELECT version FROM schema_info[0m
  [4;36;1mSQL (0.000000)[0m   [0;1mMysql::Error: #42S01Table 'schema_info' already exists: CREATE TABLE schema_info (version int(11))[0m
  [4;35;1mSQL (0.000404)[0m   [0mSELECT version FROM schema_info[0m
Migrating to CreateCats (2)
  [4;36;1mSQL (0.173987)[0m   [0;1mDROP TABLE cats[0m
  [4;35;1mSQL (0.000419)[0m   [0mUPDATE schema_info SET version = 1[0m
Reached target version: 1
  [4;36;1mSQL (0.000394)[0m   [0;1mSELECT * FROM schema_info[0m
  [4;35;1mSQL (0.002785)[0m   [0mSHOW TABLES[0m
  [4;36;1mSQL (0.056724)[0m   [0;1mSHOW FIELDS FROM pdfs[0m
  [4;35;1mSQL (0.022197)[0m   [0mSHOW KEYS FROM pdfs[0m
